0000001 [DEBUG] CommBroker created. Unit ID = 5A7CB2A9-062A-AD03-68A5-634F6CDDB833
0000002 [DEBUG] New CentralCSU. Entity ID = 5A7CB2A9-062A-AD03-68A5-634F6CDDB833
0000003 [DEBUG] New CentralSPHERE. Entity ID = 5A7CB2A9-062A-AD03-68A5-634F6CDDB833
0000004 [VERBOSE] Mission constructor.
0000005 [DEBUG] New HAMSTEREntity. ID = 5A7CB2A9-062A-AD03-68A5-634F6CDDB833
0000006 [DEBUG] CSU Initialization.
0000007 [DEBUG] SMU Initialization.
0000008 [DEBUG] NCI Initialization.
0000009 [DEBUG] SEMU Initialization.
0000010 [DEBUG] INET Socket Acceptor loaded.	Communication interface type = ENTITY_ENTITY
0000011 [DEBUG] Interface of type ENTITY_ENTITY and tech Socket Initialization. ID = 5A7CB2A9-062A-AD03-68A5-634F6CDDB833
0000012 [DEBUG] INET Socket interface initialized.
0000013 [DEBUG] INET Socket Acceptor loaded.	Communication interface type = ENTITY_MODULE
0000014 [DEBUG] Interface of type ENTITY_MODULE and tech Socket Initialization. ID = 5A7CB2A9-062A-AD03-68A5-634F6CDDB833
0000015 [DEBUG] INET Socket interface initialized.
0000016 [DEBUG] CommBroker initialization.
0000017 [DETAILS] CentralCSU executionLoop()
0000018 [VERBOSE] CSU state = WAITING_MODULES
0000019 [DEBUG] Central NCI main loop.
0000020 [DEBUG] CommInterface Loop init.
0000021 [DEBUG] CommInterface Loop init.
0000022 [DEBUG] CommBroker Loop init.
0000023 [DEBUG] Entity Initialization. ID = 5A7CB2A9-062A-AD03-68A5-60000025 [EVENT] New connection, client port = 28864
0000026 [DEBUG] WaitPeerIdentification.
0000027 [DETAILS] getPeerFromHandler() pointer find = 0x800067ad0
0000028 [DEBUG] HAMSTER_UNIT_ID received.
0000029 [ERROR] Could not hash, error code  = 6
0000030 [ERROR] registration failed
0000031 [DETAILS] getPeerFromHandler() pointer find = 0x800067ad0
0000032 [DEBUG] Message other than HAMSTER_UNIT_ID received.
0000033 [DETAILS] getPeerFromHandler() pointer find = 0x800067ad0
0000034 [DEBUG] Message other than HAMSTER_UNIT_ID received.
0000035 [DETAILS] getPeerFromHandler() pointer find = 0x800067ad0
0000036 [DEBUG] Message other than HAMSTER_UNIT_ID received.
0000037 [DETAILS] getPeerFromHandler() pointer find = 0x800067ad0
0000038 [DEBUG] Message other than HAMSTER_UNIT_ID received.
0000039 [DETAILS] getPeerFromHandler() pointer find = 0x800067ad0
0000040 [DEBUG] Message other than HAMSTER_UNIT_ID received.
0000041 [DETAILS] getPeerFromHandler() pointer find = 0x800067ad0
0000042 [DEBUG] Message other than HAMSTER_UNIT_ID received.
0000043 [DETAILS] getPeerFromHandler() pointer find = 0x800067ad0
0000044 [DEBUG] Message other than HAMSTER_UNIT_ID received.
0000045 [DETAILS] getPeerFromHandler() pointer find = 0x800067ad0
0000046 [DEBUG] Message other than HAMSTER_UNIT_ID received.
0000047 [DETAILS] getPeerFromHandler() pointer find = 0x800067ad0
0000048 [DEBUG] Message other than HAMSTER_UNIT_ID received.
0000049 [DETAILS] getPeerFromHandler() pointer find = 0x800067ad0
0000050 [DEBUG] Message other than HAMSTER_UNIT_ID received.
0000051 [DETAILS] getPeerFromHandler() pointer find = 0x800067ad0
0000052 [DEBUG] Message other than HAMSTER_UNIT_ID received.
0000053 [DETAILS] getPeerFromHandler() pointer find = 0x800067ad0
0000054 [DEBUG] Message other than HAMSTER_UNIT_ID received.
0000055 [DETAILS] getPeerFromHandler() pointer find = 0x800067ad0
0000056 [DEBUG] Message other than HAMSTER_UNIT_ID received.
0000057 [DETAILS] getPeerFromHandler() pointer find = 0x800067ad0
0000058 [DEBUG] Message other than HAMSTER_UNIT_ID received.
0000059 [DETAILS] getPeerFromHandler() pointer find = 0x800067ad0
0000060 [DEBUG] Message other than HAMSTER_UNIT_ID received.
ce parse message. Message USER MESSAGE
0000069 [DEBUG] External message parsed. Code = USER MESSAGE
0000070 [VERBOSE] Encrypting...........
0000071 [VERBOSE] sendMessageToPeer(ComInterface)
0000072 [EVENT] Message USER MESSAGE sent.
0000073 [DEBUG] External message sent.
0000074 [DEBUG] CommInterface leave ParseMessage
0000075 [VERBOSE] Leave customExecution()
0000076 [VERBOSE] entered customExecution()
0000077 [EVENT] UAV is now sending telemetry data.
0000078 [VERBOSE] CSU state = EXECUTING
0000079 [DEBUG] CommBroker parse message. Code = USER MESSAGE
0000080 [DEBUG] CommBroker push external message
0000081 [DEBUG] CommBroker leavinfParse
0000082 [DEBUG] Message in CommInterface. Code = USER MESSAGE
0000083 [DEBUG] CommInterface parse message. Message USER MESSAGE
0000084 [DEBUG] External message parsed. Code = USER MESSAGE
0000085 [VERBOSE] Encrypting...........
0000086 [VERBOSE] sendMessageToPeer(ComInterface)
0000087 [EVENT] Message USER MESSAGE sent.
0000088 [DEBUG] External message sent.
0000089 [DEBUG] CommInterface leave ParseMessage
0000090 [VERBOSE] Leave customExecution()
0000091 [VERBOSE] entered customExecution()
0000092 [EVENT] UAV is now sending telemetry data.
0000093 [VERBOSE] CSU state = EXECUTING
0000094 [DEBUG] CommBroker parse message. Code = USER MESSAGE
0000095 [DEBUG] CommBroker push external message
0000096 [DEBUG] CommBroker leavinfParse
0000097 [DEBUG] Message in CommInterface. Code = USER MESSAGE
0000098 [DEBUG] CommInterface parse message. Message USER MESSAGE
0000099 [DEBUG] External message parsed. Code = USER MESSAGE
0000100 [VERBOSE] Encrypting...........
0000101 [VERBOSE] sendMessageToPeer(ComInterface)
0000102 [EVENT] Message USER MESSAGE sent.
0000103 [DEBUG] External message sent.
0000104 [DEBUG] CommInterface leave ParseMessage
0000105 [VERBOSE] Leave customExecution()
0000106 [VERBOSE] entered customExecution()
0000107 [EVENT] UAV is now sending telemetry data.
0000108 [DEBUG] CommBroker parse message. Code = USER MESSAGE
0000109 [DEBUG] CommBroker push external message
0000110 [DEBUG] CommBroker leavinfParse
0000111 [DEBUG] Message in CommInterface. Code = USER MESSAGE
0000112 [DEBUG] CommInterface parse message. Message USER MESSAGE
0000113 [DEBUG] External message parsed. Code = USER MESSAGE
0000114 [VERBOSE] Encrypting...........
0000115 [VERBOSE] sendMessageToPeer(ComInterface)
0000116 [EVENT] Message USER MESSAGE sent.
0000117 [DEBUG] External message sent.
0000118 [DEBUG] CommInterface leave ParseMessage
0000119 [VERBOSE] Leave customExecution()
0000120 [VERBOSE] entered customExecution()
0000121 [EVENT] UAV is now sending telemetry data.
0000122 [VERBOSE] CSU state = EXECUTING
0000123 [DEBUG] CommBroker parse message. Code = USER MESSAGE
0000124 [DEBUG] CommBroker push external message
0000125 [DEBUG] CommBroker leavinfParse
0000126 [DEBUG] Message in CommInterface. Code = USER MESSAGE
0000127 [DEBUG] CommInterface parse message. Message USER MESSAGE
0000128 [DEBUG] External message parsed. Code = USER MESSAGE
0000129 [VERBOSE] Encrypting...........
0000130 [VERBOSE] sendMessageToPeer(ComInterface)
0000131 [EVENT] Message USER MESSAGE sent.
0000132 [DEBUG] External message sent.
0000133 [DEBUG] CommInterface leave ParseMessage
0000134 [VERBOSE] Leave customExecution()
0000135 [VERBOSE] entered customExecution()
0000136 [EVENT] UAV is now sending telemetry data.
0000137 [DEBUG] CommBroker parse message. Code = USER MESSAGE
0000138 [DEBUG] CommBroker push external message
0000139 [DEBUG] CommBroker leavinfParse
0000140 [DEBUG] Message in CommInterface. Code = USER MESSAGE
0000141 [DEBUG] CommInterface parse message. Message USER MESSAGE
0000142 [DEBUG] External message parsed. Code = USER MESSAGE
0000143 [VERBOSE] Encrypting...........
0000144 [VERBOSE] sendMessageToPeer(ComInterface)
0000145 [EVENT] Message USER MESSAGE sent.
0000146 [DEBUG] External message sent.
0000147 [DEBUG] CommInterface leave ParseMessage
0000148 [VERBOSE] Leave customExecution()
0000149 [VERBOSE] entered customExecution()
0000150 [EVENT] UAV is now sending telemetry data.
0000151 [DEBUG] CommBroker parse message. Code = USER MESSAGE
0000152 [DEBUG] CommBroker push external message
0000153 [DEBUG] CommBroker leavinfParse
0000154 [DEBUG] Message in CommInterface. Code = USER MESSAGE
0000155 [DEBUG] CommInterface parse message. Message USER MESSAGE
0000156 [DEBUG] External message parsed. Code = USER MESSAGE
0000157 [VERBOSE] Encrypting...........
0000158 [VERBOSE] sendMessageToPeer(ComInterface)
0000159 [EVENT] Message USER MESSAGE sent.
0000160 [DEBUG] External message sent.
0000161 [DEBUG] CommInterface leave ParseMessage
0000162 [VERBOSE] Leave customExecution()
0000163 [VERBOSE] entered customExecution()
0000164 [EVENT] UAV is now sending telemetry data.
0000165 [DEBUG] CommBroker parse message. Code = USER MESSAGE
0000166 [DEBUG] CommBroker push external message
0000167 [DEBUG] CommBroker leavinfParse
0000168 [DEBUG] Message in CommInterface. Code = USER MESSAGE
0000169 [DEBUG] CommInterface parse message. Message USER MESSAGE
0000170 [DEBUG] External message parsed. Code = USER MESSAGE
0000171 [VERBOSE] Encrypting...........
0000172 [VERBOSE] sendMessageToPeer(ComInterface)
0000173 [EVENT] Message USER MESSAGE sent.
0000174 [DEBUG] External message sent.
0000175 [DEBUG] CommInterface leave ParseMessage
0000176 [VERBOSE] Leave customExecution()
0000177 [VERBOSE] entered customExecution()
0000178 [EVENT] UAV is now sending telemetry data.
0000179 [DEBUG] CommBroker parse message. Code = USER MESSAGE
0000180 [DEBUG] CommBroker push external message
0000181 [DEBUG] CommBroker leavinfParse
0000182 [DEBUG] Message in CommInterface. Code = USER MESSAGE
0000183 [DEBUG] CommInterface parse message. Message USER MESSAGE
0000184 [DEBUG] External message parsed. Code = USER MESSAGE
0000185 [VERBOSE] Encrypting...........
0000186 [VERBOSE] sendMessageToPeer(ComInterface)
0000187 [EVENT] Message USER MESSAGE sent.
0000188 [DEBUG] External message sent.
0000189 [DEBUG] CommInterface leave ParseMessage
0000190 [VERBOSE] Leave customExecution()
0000191 [VERBOSE] entered customExecution()
0000192 [EVENT] UAV is now sending telemetry data.
0000193 [DEBUG] CommBroker parse message. Code = USER MESSAGE
0000194 [DEBUG] CommBroker push external message
0000195 [DEBUG] CommBroker leavinfParse
0000196 [DEBUG] Message in CommInterface. Code = USER MESSAGE
0000197 [DEBUG] CommInterface parse message. Message USER MESSAGE
0000198 [DEBUG] External message parsed. Code = USER MESSAGE
0000199 [VERBOSE] Encrypting...........
0000200 [VERBOSE] sendMessageToPeer(ComInterface)
0000201 [EVENT] Message USER MESSAGE sent.
0000202 [DEBUG] External message sent.
0000203 [DEBUG] CommInterface leave ParseMessage
0000204 [VERBOSE] Leave customExecution()
0000205 [VERBOSE] entered customExecution()
0000206 [EVENT] UAV is now sending telemetry data.
0000207 [DEBUG] CommBroker parse message. Code = USER MESSAGE
0000208 [DEBUG] CommBroker push external message
0000209 [DEBUG] CommBroker leavinfParse
0000210 [DEBUG] Message in CommInterface. Code = USER MESSAGE
0000211 [DEBUG] CommInterface parse message. Message USER MESSAGE
0000212 [DEBUG] External message parsed. Code = USER MESSAGE
0000213 [VERBOSE] Encrypting...........
0000214 [VERBOSE] sendMessageToPeer(ComInterface)
0000215 [EVENT] Message USER MESSAGE sent.
0000216 [DEBUG] External message sent.
0000217 [DEBUG] CommInterface leave ParseMessage
0000218 [VERBOSE] Leave customExecution()
0000219 [VERBOSE] entered customExecution()
0000220 [EVENT] UAV is now sending telemetry data.
0000221 [DEBUG] CommBroker parse message. Code = USER MESSAGE
0000222 [DEBUG] CommBroker push external message
0000223 [DEBUG] CommBroker leavinfParse
0000224 [DEBUG] Message in CommInterface. Code = USER MESSAGE
0000225 [DEBUG] CommInterface parse message. Message USER MESSAGE
0000226 [DEBUG] External message parsed. Code = USER MESSAGE
0000227 [VERBOSE] Encrypting...........
0000228 [VERBOSE] sendMessageToPeer(ComInterface)
0000229 [EVENT] Message USER MESSAGE sent.
0000230 [DEBUG] External message sent.
0000231 [DEBUG] CommInterface leave ParseMessage
0000232 [VERBOSE] Leave customExecution()
0000233 [VERBOSE] entered customExecution()
0000234 [EVENT] UAV is now sending telemetry data.
0000235 [DEBUG] CommBroker parse message. Code = USER MESSAGE
0000236 [DEBUG] CommBroker push external message
0000237 [DEBUG] CommBroker leavinfParse
0000238 [DEBUG] Message in CommInterface. Code = USER MESSAGE
0000239 [DEBUG] CommInterface parse message. Message USER MESSAGE
0000240 [DEBUG] External message parsed. Code = USER MESSAGE
0000241 [VERBOSE] Encrypting...........
0000242 [VERBOSE] sendMessageToPeer(ComInterface)
0000243 [EVENT] Message USER MESSAGE sent.
0000244 [DEBUG] External message sent.
0000245 [DEBUG] CommInterface leave ParseMessage
0000246 [VERBOSE] Leave customExecution()
0000247 [VERBOSE] entered customExecution()
0000248 [EVENT] UAV is now terminating.
0000249 [VERBOSE] Leave customExecution()
